[1725887732.159][INFO]: Starting ChromeDriver 128.0.6613.119 (6e439cfca4deda5954b0c74cde9b521c03cb31ad-refs/branch-heads/6613@{#1464}) on port 41542
[1725887732.159][INFO]: Please see https://chromedriver.chromium.org/security-considerations for suggestions on keeping ChromeDriver safe.
[1725887732.163][INFO]: ChromeDriver was started successfully on port 41542
[1725887732.368][INFO]: [bdcc9ec1d39974b0c2aba070d7666272] COMMAND InitSession {
   "capabilities": {
      "firstMatch": [ {
         "browserName": "chrome",
         "goog:chromeOptions": {
            "args": [ "--remote-allow-origins=*" ],
            "binary": "/Applications/Google Chrome.app/Contents/MacOS/Google Chrome",
            "extensions": [  ]
         },
         "goog:loggingPrefs": {
            "browser": "ALL",
            "driver": "ALL"
         }
      } ]
   }
}
[1725887732.370][INFO]: Populating Preferences file: {
   "alternate_error_pages": {
      "enabled": false
   },
   "autofill": {
      "enabled": false
   },
   "browser": {
      "check_default_browser": false
   },
   "distribution": {
      "import_bookmarks": false,
      "import_history": false,
      "import_search_engine": false,
      "make_chrome_default_for_user": false,
      "skip_first_run_ui": true
   },
   "dns_prefetching": {
      "enabled": false
   },
   "profile": {
      "content_settings": {
         "pattern_pairs": {
            "https://*,*": {
               "media-stream": {
                  "audio": "Default",
                  "video": "Default"
               }
            }
         }
      },
      "default_content_setting_values": {
         "geolocation": 1
      },
      "default_content_settings": {
         "geolocation": 1,
         "mouselock": 1,
         "notifications": 1,
         "popups": 1,
         "ppapi-broker": 1
      },
      "password_manager_enabled": false
   },
   "safebrowsing": {
      "enabled": false
   },
   "search": {
      "suggest_enabled": false
   },
   "translate": {
      "enabled": false
   }
}
[1725887732.370][INFO]: Populating Local State file: {
   "background_mode": {
      "enabled": false
   },
   "ssl": {
      "rev_checking": {
         "enabled": false
      }
   }
}
[1725887732.370][INFO]: ChromeDriver supports communication with Chrome via pipes. This is more reliable and more secure.
[1725887732.370][INFO]: Use the --remote-debugging-pipe Chrome switch instead of the default --remote-debugging-port to enable this communication mode.
[1725887732.371][INFO]: Launching chrome: /Applications/Google Chrome.app/Contents/MacOS/Google Chrome --allow-pre-commit-input --disable-background-networking --disable-client-side-phishing-detection --disable-default-apps --disable-hang-monitor --disable-popup-blocking --disable-prompt-on-repost --disable-sync --enable-automation --enable-logging --log-level=0 --no-first-run --no-service-autorun --password-store=basic --remote-allow-origins=* --remote-debugging-port=0 --test-type=webdriver --use-mock-keychain --user-data-dir=/var/folders/wr/mjn2fk3s6dv9t9cghfhmkntr0000gp/T/.org.chromium.Chromium.Z78Kl2 data:,
[1725887733.578][INFO]: resolved localhost to ["::1","127.0.0.1"]
[1725887733.773][INFO]: [bdcc9ec1d39974b0c2aba070d7666272] RESPONSE InitSession {
   "capabilities": {
      "acceptInsecureCerts": false,
      "browserName": "chrome",
      "browserVersion": "128.0.6613.120",
      "chrome": {
         "chromedriverVersion": "128.0.6613.119 (6e439cfca4deda5954b0c74cde9b521c03cb31ad-refs/branch-heads/6613@{#1464})",
         "userDataDir": "/var/folders/wr/mjn2fk3s6dv9t9cghfhmkntr0000gp/T/.org.chromium.Chromium.Z78Kl2"
      },
      "fedcm:accounts": true,
      "goog:chromeOptions": {
         "debuggerAddress": "localhost:53539"
      },
      "networkConnectionEnabled": false,
      "pageLoadStrategy": "normal",
      "platformName": "mac",
      "proxy": {
      },
      "setWindowRect": true,
      "strictFileInteractability": false,
      "timeouts": {
         "implicit": 0,
         "pageLoad": 300000,
         "script": 30000
      },
      "unhandledPromptBehavior": "dismiss and notify",
      "webauthn:extension:credBlob": true,
      "webauthn:extension:largeBlob": true,
      "webauthn:extension:minPinLength": true,
      "webauthn:extension:prf": true,
      "webauthn:virtualAuthenticators": true
   },
   "sessionId": "bdcc9ec1d39974b0c2aba070d7666272"
}
[1725887733.994][INFO]: [bdcc9ec1d39974b0c2aba070d7666272] COMMAND MaximizeWindow {
}
[1725887734.007][INFO]: Waiting for pending navigations...
[1725887734.008][INFO]: Done waiting for pending navigations. Status: ok
[1725887734.420][INFO]: Waiting for pending navigations...
[1725887734.437][INFO]: Done waiting for pending navigations. Status: ok
[1725887734.456][INFO]: [bdcc9ec1d39974b0c2aba070d7666272] RESPONSE MaximizeWindow {
   "height": 940,
   "width": 1680,
   "x": 0,
   "y": 25
}
[1725887734.470][INFO]: [bdcc9ec1d39974b0c2aba070d7666272] COMMAND Navigate {
   "url": "https://docs.google.com/forms/d/e/1FAIpQLSep9LTMntH5YqIXa5nkiPKSs283kdwitBBhXWyZdAS-e4CxBQ/viewform"
}
[1725887734.477][INFO]: Waiting for pending navigations...
[1725887734.478][INFO]: Done waiting for pending navigations. Status: ok
[1725887735.598][INFO]: Waiting for pending navigations...
[1725887736.526][INFO]: Done waiting for pending navigations. Status: ok
[1725887736.545][INFO]: [bdcc9ec1d39974b0c2aba070d7666272] RESPONSE Navigate
[1725887736.553][INFO]: [bdcc9ec1d39974b0c2aba070d7666272] COMMAND FindElement {
   "using": "xpath",
   "value": "//div[@class='ahS2Le']"
}
[1725887736.582][INFO]: Waiting for pending navigations...
[1725887736.583][INFO]: Done waiting for pending navigations. Status: ok
[1725887736.596][INFO]: Waiting for pending navigations...
[1725887736.604][INFO]: Done waiting for pending navigations. Status: ok
[1725887736.606][INFO]: [bdcc9ec1d39974b0c2aba070d7666272] RESPONSE FindElement {
   "element-6066-11e4-a52e-4f735466cecf": "f.A60E4236B5ABA2FA11C8D98608A6B9E4.d.49C0419C8CF0B86F0196B4624CDEAFD6.e.18"
}
[1725887739.613][INFO]: [bdcc9ec1d39974b0c2aba070d7666272] COMMAND FindElement {
   "using": "xpath",
   "value": "//div[@class='geS5n']/div[@class='AgroKb']//div[@class='Xb9hP']/input"
}
[1725887739.613][INFO]: Waiting for pending navigations...
[1725887739.614][INFO]: Done waiting for pending navigations. Status: ok
[1725887739.625][INFO]: Waiting for pending navigations...
[1725887739.626][INFO]: Done waiting for pending navigations. Status: ok
[1725887739.626][INFO]: [bdcc9ec1d39974b0c2aba070d7666272] RESPONSE FindElement {
   "element-6066-11e4-a52e-4f735466cecf": "f.A60E4236B5ABA2FA11C8D98608A6B9E4.d.49C0419C8CF0B86F0196B4624CDEAFD6.e.5"
}
[1725887739.633][INFO]: [bdcc9ec1d39974b0c2aba070d7666272] COMMAND TypeElement {
   "id": "f.A60E4236B5ABA2FA11C8D98608A6B9E4.d.49C0419C8CF0B86F0196B4624CDEAFD6.e.5",
   "text": "Crio Learner",
   "value": [ "C", "r", "i", "o", " ", "L", "e", "a", "r", "n", "e", "r" ]
}
[1725887739.633][INFO]: Waiting for pending navigations...
[1725887739.634][INFO]: Done waiting for pending navigations. Status: ok
[1725887739.903][INFO]: Waiting for pending navigations...
[1725887739.906][INFO]: Done waiting for pending navigations. Status: ok
[1725887739.906][INFO]: [bdcc9ec1d39974b0c2aba070d7666272] RESPONSE TypeElement
[1725887739.910][INFO]: [bdcc9ec1d39974b0c2aba070d7666272] COMMAND FindElement {
   "using": "xpath",
   "value": "//div[@class='Qr7Oae']//div[@class='AgroKb']//textarea"
}
[1725887739.910][INFO]: Waiting for pending navigations...
[1725887739.911][INFO]: Done waiting for pending navigations. Status: ok
[1725887739.923][INFO]: Waiting for pending navigations...
[1725887739.923][INFO]: Done waiting for pending navigations. Status: ok
[1725887739.923][INFO]: [bdcc9ec1d39974b0c2aba070d7666272] RESPONSE FindElement {
   "element-6066-11e4-a52e-4f735466cecf": "f.A60E4236B5ABA2FA11C8D98608A6B9E4.d.49C0419C8CF0B86F0196B4624CDEAFD6.e.7"
}
[1725887739.928][INFO]: [bdcc9ec1d39974b0c2aba070d7666272] COMMAND TypeElement {
   "id": "f.A60E4236B5ABA2FA11C8D98608A6B9E4.d.49C0419C8CF0B86F0196B4624CDEAFD6.e.7",
   "text": "I want to be the best QA Engineer! 1725887739",
   "value": [ "I", " ", "w", "a", "n", "t", " ", "t", "o", " ", "b", "e", " ", "t", "h", "e", " ", "b", "e", "s", "t", " ", "Q", "A", " ", "E", "n", "g", "i", "n", "e", "e", "r", "!", " ", "1", "7", "2", "5", "8", "8", "7", "7", "3", "9" ]
}
[1725887739.928][INFO]: Waiting for pending navigations...
[1725887739.929][INFO]: Done waiting for pending navigations. Status: ok
[1725887740.112][INFO]: Waiting for pending navigations...
[1725887740.116][INFO]: Done waiting for pending navigations. Status: ok
[1725887740.116][INFO]: [bdcc9ec1d39974b0c2aba070d7666272] RESPONSE TypeElement
[1725887740.120][INFO]: [bdcc9ec1d39974b0c2aba070d7666272] COMMAND FindElements {
   "using": "xpath",
   "value": "//div[@class='oyXaNc']//div[@class='ulDsOb']/span"
}
[1725887740.120][INFO]: Waiting for pending navigations...
[1725887740.121][INFO]: Done waiting for pending navigations. Status: ok
[1725887740.133][INFO]: Waiting for pending navigations...
[1725887740.134][INFO]: Done waiting for pending navigations. Status: ok
[1725887740.134][INFO]: [bdcc9ec1d39974b0c2aba070d7666272] RESPONSE FindElements [ {
   "element-6066-11e4-a52e-4f735466cecf": "f.A60E4236B5ABA2FA11C8D98608A6B9E4.d.49C0419C8CF0B86F0196B4624CDEAFD6.e.23"
}, {
   "element-6066-11e4-a52e-4f735466cecf": "f.A60E4236B5ABA2FA11C8D98608A6B9E4.d.49C0419C8CF0B86F0196B4624CDEAFD6.e.24"
}, {
   "element-6066-11e4-a52e-4f735466cecf": "f.A60E4236B5ABA2FA11C8D98608A6B9E4.d.49C0419C8CF0B86F0196B4624CDEAFD6.e.25"
}, {
   "element-6066-11e4-a52e-4f735466cecf": "f.A60E4236B5ABA2FA11C8D98608A6B9E4.d.49C0419C8CF0B86F0196B4624CDEAFD6.e.26"
} ]
[1725887740.141][INFO]: [bdcc9ec1d39974b0c2aba070d7666272] COMMAND GetElementText {
   "id": "f.A60E4236B5ABA2FA11C8D98608A6B9E4.d.49C0419C8CF0B86F0196B4624CDEAFD6.e.23"
}
[1725887740.141][INFO]: Waiting for pending navigations...
[1725887740.142][INFO]: Done waiting for pending navigations. Status: ok
[1725887740.156][INFO]: Waiting for pending navigations...
[1725887740.157][INFO]: Done waiting for pending navigations. Status: ok
[1725887740.157][INFO]: [bdcc9ec1d39974b0c2aba070d7666272] RESPONSE GetElementText "0 - 2"
[1725887740.160][INFO]: [bdcc9ec1d39974b0c2aba070d7666272] COMMAND ClickElement {
   "id": "f.A60E4236B5ABA2FA11C8D98608A6B9E4.d.49C0419C8CF0B86F0196B4624CDEAFD6.e.23"
}
[1725887740.160][INFO]: Waiting for pending navigations...
[1725887740.161][INFO]: Done waiting for pending navigations. Status: ok
[1725887740.233][INFO]: Waiting for pending navigations...
[1725887740.234][INFO]: Done waiting for pending navigations. Status: ok
[1725887740.234][INFO]: [bdcc9ec1d39974b0c2aba070d7666272] RESPONSE ClickElement
[1725887740.238][INFO]: [bdcc9ec1d39974b0c2aba070d7666272] COMMAND FindElements {
   "using": "xpath",
   "value": "//div[@class='Y6Myld']//span[@class='aDTYNe snByac n5vBHf OIC90c']"
}
[1725887740.238][INFO]: Waiting for pending navigations...
[1725887740.238][INFO]: Done waiting for pending navigations. Status: ok
[1725887740.251][INFO]: Waiting for pending navigations...
[1725887740.252][INFO]: Done waiting for pending navigations. Status: ok
[1725887740.252][INFO]: [bdcc9ec1d39974b0c2aba070d7666272] RESPONSE FindElements [ {
   "element-6066-11e4-a52e-4f735466cecf": "f.A60E4236B5ABA2FA11C8D98608A6B9E4.d.49C0419C8CF0B86F0196B4624CDEAFD6.e.27"
}, {
   "element-6066-11e4-a52e-4f735466cecf": "f.A60E4236B5ABA2FA11C8D98608A6B9E4.d.49C0419C8CF0B86F0196B4624CDEAFD6.e.28"
}, {
   "element-6066-11e4-a52e-4f735466cecf": "f.A60E4236B5ABA2FA11C8D98608A6B9E4.d.49C0419C8CF0B86F0196B4624CDEAFD6.e.29"
}, {
   "element-6066-11e4-a52e-4f735466cecf": "f.A60E4236B5ABA2FA11C8D98608A6B9E4.d.49C0419C8CF0B86F0196B4624CDEAFD6.e.30"
} ]
[1725887740.258][INFO]: [bdcc9ec1d39974b0c2aba070d7666272] COMMAND ExecuteScript {
   "args": [ {
      "element-6066-11e4-a52e-4f735466cecf": "f.A60E4236B5ABA2FA11C8D98608A6B9E4.d.49C0419C8CF0B86F0196B4624CDEAFD6.e.27"
   } ],
   "script": "arguments[0].scrollIntoView()"
}
[1725887740.258][INFO]: Waiting for pending navigations...
[1725887740.259][INFO]: Done waiting for pending navigations. Status: ok
[1725887740.265][INFO]: Waiting for pending navigations...
[1725887740.266][INFO]: Done waiting for pending navigations. Status: ok
[1725887740.266][INFO]: [bdcc9ec1d39974b0c2aba070d7666272] RESPONSE ExecuteScript null
[1725887740.270][INFO]: [bdcc9ec1d39974b0c2aba070d7666272] COMMAND GetElementText {
   "id": "f.A60E4236B5ABA2FA11C8D98608A6B9E4.d.49C0419C8CF0B86F0196B4624CDEAFD6.e.27"
}
[1725887740.270][INFO]: Waiting for pending navigations...
[1725887740.271][INFO]: Done waiting for pending navigations. Status: ok
[1725887740.283][INFO]: Waiting for pending navigations...
[1725887740.285][INFO]: Done waiting for pending navigations. Status: ok
[1725887740.285][INFO]: [bdcc9ec1d39974b0c2aba070d7666272] RESPONSE GetElementText "Java"
[1725887740.289][INFO]: [bdcc9ec1d39974b0c2aba070d7666272] COMMAND ClickElement {
   "id": "f.A60E4236B5ABA2FA11C8D98608A6B9E4.d.49C0419C8CF0B86F0196B4624CDEAFD6.e.27"
}
[1725887740.289][INFO]: Waiting for pending navigations...
[1725887740.290][INFO]: Done waiting for pending navigations. Status: ok
[1725887740.387][INFO]: Waiting for pending navigations...
[1725887740.392][INFO]: Done waiting for pending navigations. Status: ok
[1725887740.392][INFO]: [bdcc9ec1d39974b0c2aba070d7666272] RESPONSE ClickElement
[1725887740.397][INFO]: [bdcc9ec1d39974b0c2aba070d7666272] COMMAND ExecuteScript {
   "args": [ {
      "element-6066-11e4-a52e-4f735466cecf": "f.A60E4236B5ABA2FA11C8D98608A6B9E4.d.49C0419C8CF0B86F0196B4624CDEAFD6.e.28"
   } ],
   "script": "arguments[0].scrollIntoView()"
}
[1725887740.397][INFO]: Waiting for pending navigations...
[1725887740.403][INFO]: Done waiting for pending navigations. Status: ok
[1725887740.409][INFO]: Waiting for pending navigations...
[1725887740.410][INFO]: Done waiting for pending navigations. Status: ok
[1725887740.410][INFO]: [bdcc9ec1d39974b0c2aba070d7666272] RESPONSE ExecuteScript null
[1725887740.413][INFO]: [bdcc9ec1d39974b0c2aba070d7666272] COMMAND GetElementText {
   "id": "f.A60E4236B5ABA2FA11C8D98608A6B9E4.d.49C0419C8CF0B86F0196B4624CDEAFD6.e.28"
}
[1725887740.413][INFO]: Waiting for pending navigations...
[1725887740.414][INFO]: Done waiting for pending navigations. Status: ok
[1725887740.424][INFO]: Waiting for pending navigations...
[1725887740.425][INFO]: Done waiting for pending navigations. Status: ok
[1725887740.425][INFO]: [bdcc9ec1d39974b0c2aba070d7666272] RESPONSE GetElementText "Selenium"
[1725887740.428][INFO]: [bdcc9ec1d39974b0c2aba070d7666272] COMMAND GetElementText {
   "id": "f.A60E4236B5ABA2FA11C8D98608A6B9E4.d.49C0419C8CF0B86F0196B4624CDEAFD6.e.28"
}
[1725887740.428][INFO]: Waiting for pending navigations...
[1725887740.429][INFO]: Done waiting for pending navigations. Status: ok
[1725887740.439][INFO]: Waiting for pending navigations...
[1725887740.441][INFO]: Done waiting for pending navigations. Status: ok
[1725887740.441][INFO]: [bdcc9ec1d39974b0c2aba070d7666272] RESPONSE GetElementText "Selenium"
[1725887740.444][INFO]: [bdcc9ec1d39974b0c2aba070d7666272] COMMAND ClickElement {
   "id": "f.A60E4236B5ABA2FA11C8D98608A6B9E4.d.49C0419C8CF0B86F0196B4624CDEAFD6.e.28"
}
[1725887740.444][INFO]: Waiting for pending navigations...
[1725887740.445][INFO]: Done waiting for pending navigations. Status: ok
[1725887740.485][INFO]: Waiting for pending navigations...
[1725887740.486][INFO]: Done waiting for pending navigations. Status: ok
[1725887740.486][INFO]: [bdcc9ec1d39974b0c2aba070d7666272] RESPONSE ClickElement
[1725887740.490][INFO]: [bdcc9ec1d39974b0c2aba070d7666272] COMMAND ExecuteScript {
   "args": [ {
      "element-6066-11e4-a52e-4f735466cecf": "f.A60E4236B5ABA2FA11C8D98608A6B9E4.d.49C0419C8CF0B86F0196B4624CDEAFD6.e.29"
   } ],
   "script": "arguments[0].scrollIntoView()"
}
[1725887740.490][INFO]: Waiting for pending navigations...
[1725887740.493][INFO]: Done waiting for pending navigations. Status: ok
[1725887740.499][INFO]: Waiting for pending navigations...
[1725887740.500][INFO]: Done waiting for pending navigations. Status: ok
[1725887740.500][INFO]: [bdcc9ec1d39974b0c2aba070d7666272] RESPONSE ExecuteScript null
[1725887740.503][INFO]: [bdcc9ec1d39974b0c2aba070d7666272] COMMAND GetElementText {
   "id": "f.A60E4236B5ABA2FA11C8D98608A6B9E4.d.49C0419C8CF0B86F0196B4624CDEAFD6.e.29"
}
[1725887740.503][INFO]: Waiting for pending navigations...
[1725887740.504][INFO]: Done waiting for pending navigations. Status: ok
[1725887740.513][INFO]: Waiting for pending navigations...
[1725887740.516][INFO]: Done waiting for pending navigations. Status: ok
[1725887740.516][INFO]: [bdcc9ec1d39974b0c2aba070d7666272] RESPONSE GetElementText "Springboot"
[1725887740.519][INFO]: [bdcc9ec1d39974b0c2aba070d7666272] COMMAND GetElementText {
   "id": "f.A60E4236B5ABA2FA11C8D98608A6B9E4.d.49C0419C8CF0B86F0196B4624CDEAFD6.e.29"
}
[1725887740.520][INFO]: Waiting for pending navigations...
[1725887740.520][INFO]: Done waiting for pending navigations. Status: ok
[1725887740.533][INFO]: Waiting for pending navigations...
[1725887740.535][INFO]: Done waiting for pending navigations. Status: ok
[1725887740.535][INFO]: [bdcc9ec1d39974b0c2aba070d7666272] RESPONSE GetElementText "Springboot"
[1725887740.538][INFO]: [bdcc9ec1d39974b0c2aba070d7666272] COMMAND GetElementText {
   "id": "f.A60E4236B5ABA2FA11C8D98608A6B9E4.d.49C0419C8CF0B86F0196B4624CDEAFD6.e.29"
}
[1725887740.538][INFO]: Waiting for pending navigations...
[1725887740.539][INFO]: Done waiting for pending navigations. Status: ok
[1725887740.547][INFO]: Waiting for pending navigations...
[1725887740.548][INFO]: Done waiting for pending navigations. Status: ok
[1725887740.548][INFO]: [bdcc9ec1d39974b0c2aba070d7666272] RESPONSE GetElementText "Springboot"
[1725887740.552][INFO]: [bdcc9ec1d39974b0c2aba070d7666272] COMMAND ExecuteScript {
   "args": [ {
      "element-6066-11e4-a52e-4f735466cecf": "f.A60E4236B5ABA2FA11C8D98608A6B9E4.d.49C0419C8CF0B86F0196B4624CDEAFD6.e.30"
   } ],
   "script": "arguments[0].scrollIntoView()"
}
[1725887740.552][INFO]: Waiting for pending navigations...
[1725887740.553][INFO]: Done waiting for pending navigations. Status: ok
[1725887740.558][INFO]: Waiting for pending navigations...
[1725887740.559][INFO]: Done waiting for pending navigations. Status: ok
[1725887740.559][INFO]: [bdcc9ec1d39974b0c2aba070d7666272] RESPONSE ExecuteScript null
[1725887740.562][INFO]: [bdcc9ec1d39974b0c2aba070d7666272] COMMAND GetElementText {
   "id": "f.A60E4236B5ABA2FA11C8D98608A6B9E4.d.49C0419C8CF0B86F0196B4624CDEAFD6.e.30"
}
[1725887740.562][INFO]: Waiting for pending navigations...
[1725887740.563][INFO]: Done waiting for pending navigations. Status: ok
[1725887740.572][INFO]: Waiting for pending navigations...
[1725887740.573][INFO]: Done waiting for pending navigations. Status: ok
[1725887740.573][INFO]: [bdcc9ec1d39974b0c2aba070d7666272] RESPONSE GetElementText "TestNG"
[1725887740.576][INFO]: [bdcc9ec1d39974b0c2aba070d7666272] COMMAND GetElementText {
   "id": "f.A60E4236B5ABA2FA11C8D98608A6B9E4.d.49C0419C8CF0B86F0196B4624CDEAFD6.e.30"
}
[1725887740.576][INFO]: Waiting for pending navigations...
[1725887740.577][INFO]: Done waiting for pending navigations. Status: ok
[1725887740.603][INFO]: Waiting for pending navigations...
[1725887740.604][INFO]: Done waiting for pending navigations. Status: ok
[1725887740.604][INFO]: [bdcc9ec1d39974b0c2aba070d7666272] RESPONSE GetElementText "TestNG"
[1725887740.607][INFO]: [bdcc9ec1d39974b0c2aba070d7666272] COMMAND GetElementText {
   "id": "f.A60E4236B5ABA2FA11C8D98608A6B9E4.d.49C0419C8CF0B86F0196B4624CDEAFD6.e.30"
}
[1725887740.607][INFO]: Waiting for pending navigations...
[1725887740.615][INFO]: Done waiting for pending navigations. Status: ok
[1725887740.641][INFO]: Waiting for pending navigations...
[1725887740.642][INFO]: Done waiting for pending navigations. Status: ok
[1725887740.642][INFO]: [bdcc9ec1d39974b0c2aba070d7666272] RESPONSE GetElementText "TestNG"
[1725887740.645][INFO]: [bdcc9ec1d39974b0c2aba070d7666272] COMMAND ClickElement {
   "id": "f.A60E4236B5ABA2FA11C8D98608A6B9E4.d.49C0419C8CF0B86F0196B4624CDEAFD6.e.30"
}
[1725887740.645][INFO]: Waiting for pending navigations...
[1725887740.647][INFO]: Done waiting for pending navigations. Status: ok
[1725887740.757][INFO]: Waiting for pending navigations...
[1725887740.770][INFO]: Done waiting for pending navigations. Status: ok
[1725887740.770][INFO]: [bdcc9ec1d39974b0c2aba070d7666272] RESPONSE ClickElement
[1725887740.774][INFO]: [bdcc9ec1d39974b0c2aba070d7666272] COMMAND FindElement {
   "using": "xpath",
   "value": "//span[text()='Choose']"
}
[1725887740.774][INFO]: Waiting for pending navigations...
[1725887740.776][INFO]: Done waiting for pending navigations. Status: ok
[1725887740.788][INFO]: Waiting for pending navigations...
[1725887740.806][INFO]: Done waiting for pending navigations. Status: ok
[1725887740.806][INFO]: [bdcc9ec1d39974b0c2aba070d7666272] RESPONSE FindElement {
   "element-6066-11e4-a52e-4f735466cecf": "f.A60E4236B5ABA2FA11C8D98608A6B9E4.d.49C0419C8CF0B86F0196B4624CDEAFD6.e.33"
}
[1725887740.811][INFO]: [bdcc9ec1d39974b0c2aba070d7666272] COMMAND ClickElement {
   "id": "f.A60E4236B5ABA2FA11C8D98608A6B9E4.d.49C0419C8CF0B86F0196B4624CDEAFD6.e.33"
}
[1725887740.811][INFO]: Waiting for pending navigations...
[1725887740.821][INFO]: Done waiting for pending navigations. Status: ok
[1725887740.922][INFO]: Waiting for pending navigations...
[1725887740.925][INFO]: Done waiting for pending navigations. Status: ok
[1725887740.926][INFO]: [bdcc9ec1d39974b0c2aba070d7666272] RESPONSE ClickElement
[1725887740.933][INFO]: [bdcc9ec1d39974b0c2aba070d7666272] COMMAND FindElements {
   "using": "xpath",
   "value": "//div[@class='OA0qNb ncFHed QXL7Te']//span[@class='vRMGwf oJeWuf']"
}
[1725887740.933][INFO]: Waiting for pending navigations...
[1725887740.939][INFO]: Done waiting for pending navigations. Status: ok
[1725887740.954][INFO]: Waiting for pending navigations...
[1725887740.955][INFO]: Done waiting for pending navigations. Status: ok
[1725887740.955][INFO]: [bdcc9ec1d39974b0c2aba070d7666272] RESPONSE FindElements [  ]
[1725887741.463][INFO]: [bdcc9ec1d39974b0c2aba070d7666272] COMMAND FindElements {
   "using": "xpath",
   "value": "//div[@class='OA0qNb ncFHed QXL7Te']//span[@class='vRMGwf oJeWuf']"
}
[1725887741.463][INFO]: Waiting for pending navigations...
[1725887741.464][INFO]: Done waiting for pending navigations. Status: ok
[1725887741.471][INFO]: Waiting for pending navigations...
[1725887741.471][INFO]: Done waiting for pending navigations. Status: ok
[1725887741.471][INFO]: [bdcc9ec1d39974b0c2aba070d7666272] RESPONSE FindElements [ {
   "element-6066-11e4-a52e-4f735466cecf": "f.A60E4236B5ABA2FA11C8D98608A6B9E4.d.49C0419C8CF0B86F0196B4624CDEAFD6.e.37"
}, {
   "element-6066-11e4-a52e-4f735466cecf": "f.A60E4236B5ABA2FA11C8D98608A6B9E4.d.49C0419C8CF0B86F0196B4624CDEAFD6.e.38"
}, {
   "element-6066-11e4-a52e-4f735466cecf": "f.A60E4236B5ABA2FA11C8D98608A6B9E4.d.49C0419C8CF0B86F0196B4624CDEAFD6.e.39"
}, {
   "element-6066-11e4-a52e-4f735466cecf": "f.A60E4236B5ABA2FA11C8D98608A6B9E4.d.49C0419C8CF0B86F0196B4624CDEAFD6.e.40"
}, {
   "element-6066-11e4-a52e-4f735466cecf": "f.A60E4236B5ABA2FA11C8D98608A6B9E4.d.49C0419C8CF0B86F0196B4624CDEAFD6.e.41"
}, {
   "element-6066-11e4-a52e-4f735466cecf": "f.A60E4236B5ABA2FA11C8D98608A6B9E4.d.49C0419C8CF0B86F0196B4624CDEAFD6.e.42"
} ]
[1725887741.475][INFO]: [bdcc9ec1d39974b0c2aba070d7666272] COMMAND FindElements {
   "using": "xpath",
   "value": "//div[@class='OA0qNb ncFHed QXL7Te']//span[@class='vRMGwf oJeWuf']"
}
[1725887741.475][INFO]: Waiting for pending navigations...
[1725887741.475][INFO]: Done waiting for pending navigations. Status: ok
[1725887741.482][INFO]: Waiting for pending navigations...
[1725887741.483][INFO]: Done waiting for pending navigations. Status: ok
[1725887741.483][INFO]: [bdcc9ec1d39974b0c2aba070d7666272] RESPONSE FindElements [ {
   "element-6066-11e4-a52e-4f735466cecf": "f.A60E4236B5ABA2FA11C8D98608A6B9E4.d.49C0419C8CF0B86F0196B4624CDEAFD6.e.37"
}, {
   "element-6066-11e4-a52e-4f735466cecf": "f.A60E4236B5ABA2FA11C8D98608A6B9E4.d.49C0419C8CF0B86F0196B4624CDEAFD6.e.38"
}, {
   "element-6066-11e4-a52e-4f735466cecf": "f.A60E4236B5ABA2FA11C8D98608A6B9E4.d.49C0419C8CF0B86F0196B4624CDEAFD6.e.39"
}, {
   "element-6066-11e4-a52e-4f735466cecf": "f.A60E4236B5ABA2FA11C8D98608A6B9E4.d.49C0419C8CF0B86F0196B4624CDEAFD6.e.40"
}, {
   "element-6066-11e4-a52e-4f735466cecf": "f.A60E4236B5ABA2FA11C8D98608A6B9E4.d.49C0419C8CF0B86F0196B4624CDEAFD6.e.41"
}, {
   "element-6066-11e4-a52e-4f735466cecf": "f.A60E4236B5ABA2FA11C8D98608A6B9E4.d.49C0419C8CF0B86F0196B4624CDEAFD6.e.42"
} ]
[1725887741.486][INFO]: [bdcc9ec1d39974b0c2aba070d7666272] COMMAND GetElementText {
   "id": "f.A60E4236B5ABA2FA11C8D98608A6B9E4.d.49C0419C8CF0B86F0196B4624CDEAFD6.e.37"
}
[1725887741.486][INFO]: Waiting for pending navigations...
[1725887741.487][INFO]: Done waiting for pending navigations. Status: ok
[1725887741.494][INFO]: Waiting for pending navigations...
[1725887741.495][INFO]: Done waiting for pending navigations. Status: ok
[1725887741.495][INFO]: [bdcc9ec1d39974b0c2aba070d7666272] RESPONSE GetElementText "Choose"
[1725887741.497][INFO]: [bdcc9ec1d39974b0c2aba070d7666272] COMMAND GetElementText {
   "id": "f.A60E4236B5ABA2FA11C8D98608A6B9E4.d.49C0419C8CF0B86F0196B4624CDEAFD6.e.38"
}
[1725887741.498][INFO]: Waiting for pending navigations...
[1725887741.498][INFO]: Done waiting for pending navigations. Status: ok
[1725887741.506][INFO]: Waiting for pending navigations...
[1725887741.506][INFO]: Done waiting for pending navigations. Status: ok
[1725887741.506][INFO]: [bdcc9ec1d39974b0c2aba070d7666272] RESPONSE GetElementText "Mr"
[1725887741.509][INFO]: [bdcc9ec1d39974b0c2aba070d7666272] COMMAND GetElementText {
   "id": "f.A60E4236B5ABA2FA11C8D98608A6B9E4.d.49C0419C8CF0B86F0196B4624CDEAFD6.e.39"
}
[1725887741.509][INFO]: Waiting for pending navigations...
[1725887741.509][INFO]: Done waiting for pending navigations. Status: ok
[1725887741.516][INFO]: Waiting for pending navigations...
[1725887741.517][INFO]: Done waiting for pending navigations. Status: ok
[1725887741.517][INFO]: [bdcc9ec1d39974b0c2aba070d7666272] RESPONSE GetElementText "Ms"
[1725887741.519][INFO]: [bdcc9ec1d39974b0c2aba070d7666272] COMMAND GetElementText {
   "id": "f.A60E4236B5ABA2FA11C8D98608A6B9E4.d.49C0419C8CF0B86F0196B4624CDEAFD6.e.40"
}
[1725887741.519][INFO]: Waiting for pending navigations...
[1725887741.520][INFO]: Done waiting for pending navigations. Status: ok
[1725887741.527][INFO]: Waiting for pending navigations...
[1725887741.527][INFO]: Done waiting for pending navigations. Status: ok
[1725887741.527][INFO]: [bdcc9ec1d39974b0c2aba070d7666272] RESPONSE GetElementText "Mrs"
[1725887741.530][INFO]: [bdcc9ec1d39974b0c2aba070d7666272] COMMAND ClickElement {
   "id": "f.A60E4236B5ABA2FA11C8D98608A6B9E4.d.49C0419C8CF0B86F0196B4624CDEAFD6.e.40"
}
[1725887741.530][INFO]: Waiting for pending navigations...
[1725887741.531][INFO]: Done waiting for pending navigations. Status: ok
[1725887741.573][INFO]: Waiting for pending navigations...
[1725887741.574][INFO]: Done waiting for pending navigations. Status: ok
[1725887741.574][INFO]: [bdcc9ec1d39974b0c2aba070d7666272] RESPONSE ClickElement
[1725887742.584][INFO]: [bdcc9ec1d39974b0c2aba070d7666272] COMMAND FindElement {
   "using": "xpath",
   "value": "//div[@class='o7cIKf']/div[2]//input"
}
[1725887742.584][INFO]: Waiting for pending navigations...
[1725887742.585][INFO]: Done waiting for pending navigations. Status: ok
[1725887742.595][INFO]: Waiting for pending navigations...
[1725887742.596][INFO]: Done waiting for pending navigations. Status: ok
[1725887742.596][INFO]: [bdcc9ec1d39974b0c2aba070d7666272] RESPONSE FindElement {
   "element-6066-11e4-a52e-4f735466cecf": "f.A60E4236B5ABA2FA11C8D98608A6B9E4.d.49C0419C8CF0B86F0196B4624CDEAFD6.e.49"
}
[1725887742.599][INFO]: [bdcc9ec1d39974b0c2aba070d7666272] COMMAND TypeElement {
   "id": "f.A60E4236B5ABA2FA11C8D98608A6B9E4.d.49C0419C8CF0B86F0196B4624CDEAFD6.e.49",
   "text": "02/09/2024",
   "value": [ "0", "2", "/", "0", "9", "/", "2", "0", "2", "4" ]
}
[1725887742.599][INFO]: Waiting for pending navigations...
[1725887742.600][INFO]: Done waiting for pending navigations. Status: ok
[1725887742.666][INFO]: Waiting for pending navigations...
[1725887742.668][INFO]: Done waiting for pending navigations. Status: ok
[1725887742.668][INFO]: [bdcc9ec1d39974b0c2aba070d7666272] RESPONSE TypeElement
[1725887742.672][INFO]: [bdcc9ec1d39974b0c2aba070d7666272] COMMAND FindElement {
   "using": "xpath",
   "value": "//div[@class='Qr7Oae']/descendant::div[@class='ocBCTb']/div[1]/div[2]//input"
}
[1725887742.672][INFO]: Waiting for pending navigations...
[1725887742.673][INFO]: Done waiting for pending navigations. Status: ok
[1725887742.685][INFO]: Waiting for pending navigations...
[1725887742.686][INFO]: Done waiting for pending navigations. Status: ok
[1725887742.686][INFO]: [bdcc9ec1d39974b0c2aba070d7666272] RESPONSE FindElement {
   "element-6066-11e4-a52e-4f735466cecf": "f.A60E4236B5ABA2FA11C8D98608A6B9E4.d.49C0419C8CF0B86F0196B4624CDEAFD6.e.8"
}
[1725887742.689][INFO]: [bdcc9ec1d39974b0c2aba070d7666272] COMMAND TypeElement {
   "id": "f.A60E4236B5ABA2FA11C8D98608A6B9E4.d.49C0419C8CF0B86F0196B4624CDEAFD6.e.8",
   "text": "7",
   "value": [ "7" ]
}
[1725887742.689][INFO]: Waiting for pending navigations...
[1725887742.690][INFO]: Done waiting for pending navigations. Status: ok
[1725887742.751][INFO]: Waiting for pending navigations...
[1725887742.754][INFO]: Done waiting for pending navigations. Status: ok
[1725887742.754][INFO]: [bdcc9ec1d39974b0c2aba070d7666272] RESPONSE TypeElement
[1725887742.757][INFO]: [bdcc9ec1d39974b0c2aba070d7666272] COMMAND FindElement {
   "using": "xpath",
   "value": "//div[@class='Qr7Oae']/descendant::div[@class='vEXS5c'][2]/descendant::div[@class='Xb9hP']/input"
}
[1725887742.757][INFO]: Waiting for pending navigations...
[1725887742.759][INFO]: Done waiting for pending navigations. Status: ok
[1725887742.773][INFO]: Waiting for pending navigations...
[1725887742.773][INFO]: Done waiting for pending navigations. Status: ok
[1725887742.773][INFO]: [bdcc9ec1d39974b0c2aba070d7666272] RESPONSE FindElement {
   "element-6066-11e4-a52e-4f735466cecf": "f.A60E4236B5ABA2FA11C8D98608A6B9E4.d.49C0419C8CF0B86F0196B4624CDEAFD6.e.9"
}
[1725887742.777][INFO]: [bdcc9ec1d39974b0c2aba070d7666272] COMMAND TypeElement {
   "id": "f.A60E4236B5ABA2FA11C8D98608A6B9E4.d.49C0419C8CF0B86F0196B4624CDEAFD6.e.9",
   "text": "30",
   "value": [ "3", "0" ]
}
[1725887742.777][INFO]: Waiting for pending navigations...
[1725887742.778][INFO]: Done waiting for pending navigations. Status: ok
[1725887742.835][INFO]: Waiting for pending navigations...
[1725887742.837][INFO]: Done waiting for pending navigations. Status: ok
[1725887742.837][INFO]: [bdcc9ec1d39974b0c2aba070d7666272] RESPONSE TypeElement
[1725887742.839][INFO]: [bdcc9ec1d39974b0c2aba070d7666272] COMMAND FindElement {
   "using": "xpath",
   "value": "//span[text()='Submit']"
}
[1725887742.840][INFO]: Waiting for pending navigations...
[1725887742.841][INFO]: Done waiting for pending navigations. Status: ok
[1725887742.855][INFO]: Waiting for pending navigations...
[1725887742.856][INFO]: Done waiting for pending navigations. Status: ok
[1725887742.856][INFO]: [bdcc9ec1d39974b0c2aba070d7666272] RESPONSE FindElement {
   "element-6066-11e4-a52e-4f735466cecf": "f.A60E4236B5ABA2FA11C8D98608A6B9E4.d.49C0419C8CF0B86F0196B4624CDEAFD6.e.75"
}
[1725887742.860][INFO]: [bdcc9ec1d39974b0c2aba070d7666272] COMMAND ClickElement {
   "id": "f.A60E4236B5ABA2FA11C8D98608A6B9E4.d.49C0419C8CF0B86F0196B4624CDEAFD6.e.75"
}
[1725887742.860][INFO]: Waiting for pending navigations...
[1725887742.862][INFO]: Done waiting for pending navigations. Status: ok
[1725887742.913][INFO]: Waiting for pending navigations...
[1725887744.144][INFO]: Done waiting for pending navigations. Status: ok
[1725887744.144][INFO]: [bdcc9ec1d39974b0c2aba070d7666272] RESPONSE ClickElement
[1725887744.148][INFO]: [bdcc9ec1d39974b0c2aba070d7666272] COMMAND FindElement {
   "using": "xpath",
   "value": "//div[@class='vHW8K']"
}
[1725887744.148][INFO]: Waiting for pending navigations...
[1725887744.149][INFO]: Done waiting for pending navigations. Status: ok
[1725887744.162][INFO]: Waiting for pending navigations...
[1725887744.163][INFO]: Done waiting for pending navigations. Status: ok
[1725887744.163][INFO]: [bdcc9ec1d39974b0c2aba070d7666272] RESPONSE FindElement {
   "element-6066-11e4-a52e-4f735466cecf": "f.A60E4236B5ABA2FA11C8D98608A6B9E4.d.79F3721CA41D0A6CB730215A2939ADFF.e.80"
}
[1725887744.166][INFO]: [bdcc9ec1d39974b0c2aba070d7666272] COMMAND GetElementText {
   "id": "f.A60E4236B5ABA2FA11C8D98608A6B9E4.d.79F3721CA41D0A6CB730215A2939ADFF.e.80"
}
[1725887744.166][INFO]: Waiting for pending navigations...
[1725887744.167][INFO]: Done waiting for pending navigations. Status: ok
[1725887744.176][INFO]: Waiting for pending navigations...
[1725887744.177][INFO]: Done waiting for pending navigations. Status: ok
[1725887744.177][INFO]: [bdcc9ec1d39974b0c2aba070d7666272] RESPONSE GetElementText "Thanks for your response, Automation Wizard!"
[1725887744.183][INFO]: [bdcc9ec1d39974b0c2aba070d7666272] COMMAND CloseWindow {
}
[1725887744.490][INFO]: [bdcc9ec1d39974b0c2aba070d7666272] RESPONSE CloseWindow [  ]
